|j|☆dewfew
|j|☆BalamCorpOfficial
|t:|1753818141
|gametype|singles
|player|p1|dewfew|101|
|player|p2|BalamCorpOfficial|2|
|teamsize|p1|6
|teamsize|p2|6
|gen|9
|tier|[Gen 9] National Dex
|rule|HP Percentage Mod: HP is shown in percentages
|rule|Endless Battle Clause: Forcing endless battles is banned
|rule|Species Clause: Limit one of each Pokémon
|rule|OHKO Clause: OHKO moves are banned
|rule|Evasion Clause: Evasion abilities, items, and moves are banned
|rule|Evasion Abilities Clause: Evasion abilities are banned
|rule|Evasion Items Clause: Evasion items are banned
|rule|Evasion Moves Clause: Evasion moves are banned
|rule|Sleep Clause Mod: Limit one foe put to sleep
|rule|Terastal Clause: You cannot Terastallize
|clearpoke
|poke|p1|Arsenatch, M|
|poke|p1|Liliamp, F|
|poke|p1|Cormatose, M|
|poke|p1|Tapu Lele|
|poke|p1|Ferrothorn, F|
|poke|p1|Zapdos|
|poke|p2|Witheroot, F|
|poke|p2|Chansey, F|
|poke|p2|Gliscor, M|
|poke|p2|Bakurana, F|
|poke|p2|Gholdengo|
|poke|p2|Toxapex, M|
|teampreview
|c|☆BalamCorpOfficial|Stall 2
|c|☆dewfew|wilted tose
|c|☆dewfew|Hf
|c|☆BalamCorpOfficial|This is the only team ive had time to make
|
|t:|1753818174
|start
|switch|p1a: Ferrothorn|Ferrothorn, F|351/351
|switch|p2a: Gliscor|Gliscor, M|352/352
|turn|1
|
|t:|1753818177
|move|p2a: Gliscor|Protect|p2a: Gliscor
|-singleturn|p2a: Gliscor|Protect
|move|p1a: Ferrothorn|Stealth Rock|p2a: Gliscor
|-sidestart|p2: BalamCorpOfficial|move: Stealth Rock
|
|-status|p2a: Gliscor|tox|[from] item: Toxic Orb
|upkeep
|turn|2
|
|t:|1753818191
|switch|p1a: Cormatose|Cormatose, M|414/414
|move|p2a: Gliscor|Defog|p1a: Cormatose
|-unboost|p1a: Cormatose|evasion|1
|-sideend|p2: BalamCorpOfficial|Stealth Rock|[from] move: Defog|[of] p2a: Gliscor
|
|-damage|p2a: Gliscor|330/352 tox|[from] psn
|upkeep
|turn|3
|
|t:|1753818197
|switch|p1a: Ferrothorn|Ferrothorn, F|351/351
|move|p2a: Gliscor|Toxic|p1a: Ferrothorn
|-immune|p1a: Ferrothorn
|
|-damage|p2a: Gliscor|286/352 tox|[from] psn
|upkeep
|turn|4
|c|☆dewfew|dawg
|c|☆dewfew|y don’t have poison heal
|-message|dewfew forfeited.
|
|win|BalamCorpOfficial

