|j|☆BalamCorpOfficial
|j|☆dewfew
|t:|1753818240
|gametype|singles
|player|p1|BalamCorpOfficial|2|
|player|p2|dewfew|101|
|teamsize|p1|6
|teamsize|p2|6
|gen|9
|tier|[Gen 9] National Dex
|rule|HP Percentage Mod: HP is shown in percentages
|rule|Endless Battle Clause: Forcing endless battles is banned
|rule|Species Clause: Limit one of each Pokémon
|rule|OHKO Clause: OHKO moves are banned
|rule|Evasion Clause: Evasion abilities, items, and moves are banned
|rule|Evasion Abilities Clause: Evasion abilities are banned
|rule|Evasion Items Clause: Evasion items are banned
|rule|Evasion Moves Clause: Evasion moves are banned
|rule|Sleep Clause Mod: Limit one foe put to sleep
|rule|Terastal Clause: You cannot Terastallize
|clearpoke
|poke|p1|Witheroot, M|
|poke|p1|Chansey, F|
|poke|p1|Gliscor, M|
|poke|p1|Bakurana, M|
|poke|p1|Gholdengo|
|poke|p1|Toxapex, F|
|poke|p2|Arsenatch, F|
|poke|p2|Liliamp, F|
|poke|p2|Cormatose, M|
|poke|p2|Tapu Lele|
|poke|p2|Ferrothorn, M|
|poke|p2|Zapdos|
|teampreview
|c|☆dewfew|inssane
|c|☆BalamCorpOfficial|Oops
|c|☆dewfew|lmao
|c|☆dewfew|hf
|c|☆BalamCorpOfficial|I only finished the team like 10 mins ago
|
|t:|1753818262
|start
|switch|p1a: Gliscor|Gliscor, M|352/352
|switch|p2a: Ferrothorn|Ferrothorn, M|351/351
|turn|1
|
|t:|1753818266
|move|p1a: Gliscor|Protect|p1a: Gliscor
|-singleturn|p1a: Gliscor|Protect
|move|p2a: Ferrothorn|Stealth Rock|p1a: Gliscor
|-sidestart|p1: BalamCorpOfficial|move: Stealth Rock
|
|-status|p1a: Gliscor|tox|[from] item: Toxic Orb
|upkeep
|turn|2
|
|t:|1753818283
|move|p1a: Gliscor|Defog|p2a: Ferrothorn
|-unboost|p2a: Ferrothorn|evasion|1
|-sideend|p1: BalamCorpOfficial|Stealth Rock|[from] move: Defog|[of] p1a: Gliscor
|move|p2a: Ferrothorn|Stealth Rock|p1a: Gliscor
|-sidestart|p1: BalamCorpOfficial|move: Stealth Rock
|
|upkeep
|turn|3
|
|t:|1753818291
|switch|p1a: Witheroot|Witheroot, M|394/394
|move|p2a: Ferrothorn|Knock Off|p1a: Witheroot
|-damage|p1a: Witheroot|311/394
|-enditem|p1a: Witheroot|Heavy-Duty Boots|[from] move: Knock Off|[of] p2a: Ferrothorn
|
|upkeep
|turn|4
|
|t:|1753818298
|switch|p2a: Zapdos|Zapdos|321/321
|move|p1a: Witheroot|Toxic|p2a: Zapdos
|-status|p2a: Zapdos|tox
|
|-damage|p2a: Zapdos|301/321 tox|[from] psn
|upkeep
|turn|5
|
|t:|1753818307
|switch|p2a: Arsenatch|Arsenatch, F|281/281
|switch|p1a: Gliscor|Gliscor, M|352/352 tox
|-damage|p1a: Gliscor|308/352 tox|[from] Stealth Rock
|
|-heal|p1a: Gliscor|352/352 tox|[from] ability: Poison Heal
|upkeep
|turn|6
|
|t:|1753818319
|switch|p2a: Ferrothorn|Ferrothorn, M|351/351
|move|p1a: Gliscor|Protect||[still]
|-fail|p1a: Gliscor
|
|upkeep
|turn|7
|
|t:|1753818340
|switch|p2a: Liliamp|Liliamp, F|305/305
|-ability|p2a: Liliamp|Neutralizing Gas
|move|p1a: Gliscor|Defog|p2a: Liliamp
|-unboost|p2a: Liliamp|evasion|1
|-sideend|p1: BalamCorpOfficial|Stealth Rock|[from] move: Defog|[of] p1a: Gliscor
|
|-damage|p1a: Gliscor|286/352 tox|[from] psn
|upkeep
|turn|8
|
|t:|1753818354
|move|p2a: Liliamp|Scald|p1a: Gliscor
|-supereffective|p1a: Gliscor
|-damage|p1a: Gliscor|76/352 tox
|move|p1a: Gliscor|Toxic|p2a: Liliamp
|-status|p2a: Liliamp|tox
|
|-damage|p2a: Liliamp|286/305 tox|[from] psn
|-damage|p1a: Gliscor|0 fnt|[from] psn
|faint|p1a: Gliscor
|upkeep
|c|☆dewfew|uh
|c|☆dewfew|ok
|c|☆BalamCorpOfficial|Oh
|c|☆BalamCorpOfficial|Ggs
|c|☆dewfew|I was expecting witheroot
|c|☆BalamCorpOfficial|I cant win now
|
|t:|1753818375
|switch|p1a: Witheroot|Witheroot, M|311/394
|turn|9
|c|☆dewfew|it’s turn 8 bruh
|
|t:|1753818380
|-end|p2a: Liliamp|ability: Neutralizing Gas
|switch|p2a: Zapdos|Zapdos|301/321 tox
|move|p1a: Witheroot|Knock Off|p2a: Zapdos
|-damage|p2a: Zapdos|231/321 tox
|
|-damage|p2a: Zapdos|211/321 tox|[from] psn
|upkeep
|turn|10
|
|t:|1753818387
|switch|p1a: Chansey|Chansey, F|704/704
|move|p2a: Zapdos|Hurricane|p1a: Chansey|[miss]
|-miss|p2a: Zapdos|p1a: Chansey
|
|-damage|p2a: Zapdos|171/321 tox|[from] psn
|upkeep
|turn|11
|
|t:|1753818393
|move|p2a: Zapdos|Volt Switch|p1a: Chansey
|-damage|p1a: Chansey|625/704
|
|t:|1753818399
|switch|p2a: Cormatose|Cormatose, M|414/414|[from] Volt Switch
|move|p1a: Chansey|Stealth Rock|p2a: Cormatose
|-sidestart|p2: dewfew|move: Stealth Rock
|
|upkeep
|turn|12
|
|t:|1753818404
|switch|p1a: Witheroot|Witheroot, M|311/394
|move|p2a: Cormatose|Knock Off|p1a: Witheroot
|-damage|p1a: Witheroot|268/394
|
|upkeep
|turn|13
|
|t:|1753818407
|move|p1a: Witheroot|Power Whip|p2a: Cormatose
|-supereffective|p2a: Cormatose
|-damage|p2a: Cormatose|130/414
|move|p2a: Cormatose|Rapid Spin|p1a: Witheroot
|-damage|p1a: Witheroot|230/394
|-boost|p2a: Cormatose|spe|1
|-sideend|p2: dewfew|Stealth Rock|[from] move: Rapid Spin|[of] p2a: Cormatose
|
|-heal|p2a: Cormatose|155/414|[from] item: Leftovers
|upkeep
|turn|14
|
|t:|1753818411
|move|p2a: Cormatose|Moonlight|p2a: Cormatose
|-heal|p2a: Cormatose|362/414
|move|p1a: Witheroot|Power Whip|p2a: Cormatose
|-supereffective|p2a: Cormatose
|-damage|p2a: Cormatose|84/414
|
|-heal|p2a: Cormatose|109/414|[from] item: Leftovers
|upkeep
|turn|15
|
|t:|1753818421
|move|p2a: Cormatose|Moonlight|p2a: Cormatose
|-heal|p2a: Cormatose|316/414
|move|p1a: Witheroot|Synthesis|p1a: Witheroot
|-heal|p1a: Witheroot|394/394
|
|-heal|p2a: Cormatose|341/414|[from] item: Leftovers
|upkeep
|turn|16
|
|t:|1753818426
|switch|p2a: Zapdos|Zapdos|171/321 tox
|move|p1a: Witheroot|Power Whip|p2a: Zapdos
|-resisted|p2a: Zapdos
|-damage|p2a: Zapdos|69/321 tox
|
|-damage|p2a: Zapdos|49/321 tox|[from] psn
|upkeep
|turn|17
|
|t:|1753818433
|switch|p1a: Bakurana|Bakurana, M|436/436
|move|p2a: Zapdos|Volt Switch|p1a: Bakurana
|-immune|p1a: Bakurana
|
|-damage|p2a: Zapdos|9/321 tox|[from] psn
|upkeep
|turn|18
|
|t:|1753818438
|move|p2a: Zapdos|Roost|p2a: Zapdos
|-heal|p2a: Zapdos|170/321 tox
|-singleturn|p2a: Zapdos|move: Roost
|move|p1a: Bakurana|Slack Off||[still]
|-fail|p1a: Bakurana|heal
|
|-damage|p2a: Zapdos|110/321 tox|[from] psn
|upkeep
|turn|19
|
|t:|1753818447
|switch|p2a: Arsenatch|Arsenatch, F|281/281
|move|p1a: Bakurana|Earth Power|p2a: Arsenatch
|-damage|p2a: Arsenatch|185/281
|
|upkeep
|turn|20
|
|t:|1753818457
|-activate|p1a: Bakurana|move: Pursuit
|move|p2a: Arsenatch|Pursuit|p1a: Bakurana|[from] Pursuit
|-damage|p1a: Bakurana|256/436
|switch|p1a: Toxapex|Toxapex, F|303/303
|
|upkeep
|turn|21
|c|☆dewfew|is that pdef baku
|c|☆BalamCorpOfficial|Yes
|c|☆BalamCorpOfficial|It beats Tgallade
|c|☆dewfew|does it actually
|c|☆BalamCorpOfficial|Yes
|c|☆dewfew|I Imagine taxel two shots
|c|☆BalamCorpOfficial|Nope
|c|☆BalamCorpOfficial|Evd to do 49.7
|
|t:|1753818503
|switch|p2a: Zapdos|Zapdos|110/321 tox
|move|p1a: Toxapex|Scald|p2a: Zapdos
|-damage|p2a: Zapdos|44/321 tox
|
|-damage|p2a: Zapdos|24/321 tox|[from] psn
|upkeep
|turn|22
|c|☆dewfew|Huh
|c|☆dewfew|cool
|
|t:|1753818511
|switch|p1a: Bakurana|Bakurana, M|256/436
|move|p2a: Zapdos|Roost|p2a: Zapdos
|-heal|p2a: Zapdos|185/321 tox
|-singleturn|p2a: Zapdos|move: Roost
|
|-damage|p2a: Zapdos|145/321 tox|[from] psn
|upkeep
|turn|23
|
|t:|1753818514
|-zpower|p2a: Zapdos
|move|p2a: Zapdos|Supersonic Skystrike|p1a: Bakurana|[zeffect]
|-damage|p1a: Bakurana|0 fnt
|faint|p1a: Bakurana
|
|-damage|p2a: Zapdos|85/321 tox|[from] psn
|upkeep
|c|☆BalamCorpOfficial|Gg
|
|t:|1753818525
|switch|p1a: Gholdengo|Gholdengo|378/378
|turn|24
|c|☆dewfew|why not chans
|c|☆dewfew|u knew I was off
|
|t:|1753818531
|move|p2a: Zapdos|Volt Switch|p1a: Gholdengo
|-damage|p1a: Gholdengo|243/378
|
|t:|1753818554
|switch|p2a: Cormatose|Cormatose, M|341/414|[from] Volt Switch
|move|p1a: Gholdengo|Hex|p2a: Cormatose
|-damage|p2a: Cormatose|227/414
|
|-heal|p2a: Cormatose|252/414|[from] item: Leftovers
|upkeep
|turn|25
|
|t:|1753818561
|move|p1a: Gholdengo|Recover|p1a: Gholdengo
|-heal|p1a: Gholdengo|378/378
|move|p2a: Cormatose|Moonlight|p2a: Cormatose
|-heal|p2a: Cormatose|414/414
|
|upkeep
|turn|26
|
|t:|1753818565
|switch|p1a: Witheroot|Witheroot, M|394/394
|move|p2a: Cormatose|Knock Off|p1a: Witheroot
|-damage|p1a: Witheroot|350/394
|
|upkeep
|turn|27
|c|☆BalamCorpOfficial|Uhh
|
|t:|1753818641
|switch|p2a: Ferrothorn|Ferrothorn, M|351/351
|move|p1a: Witheroot|Knock Off|p2a: Ferrothorn
|-damage|p2a: Ferrothorn|289/351
|-damage|p1a: Witheroot|301/394|[from] ability: Iron Barbs|[of] p2a: Ferrothorn
|-enditem|p2a: Ferrothorn|Leftovers|[from] move: Knock Off|[of] p1a: Witheroot
|
|upkeep
|turn|28
|
|t:|1753818645
|move|p1a: Witheroot|Toxic|p2a: Ferrothorn
|-status|p2a: Ferrothorn|tox
|move|p2a: Ferrothorn|Stealth Rock|p1a: Witheroot
|-sidestart|p1: BalamCorpOfficial|move: Stealth Rock
|
|-damage|p2a: Ferrothorn|268/351 tox|[from] psn
|upkeep
|turn|29
|c|☆dewfew|sty
|c|☆dewfew|sry
|
|t:|1753818663
|switch|p2a: Liliamp|Liliamp, F|286/305 tox
|-ability|p2a: Liliamp|Neutralizing Gas
|move|p1a: Witheroot|Knock Off|p2a: Liliamp
|-damage|p2a: Liliamp|187/305 tox
|-enditem|p2a: Liliamp|Heavy-Duty Boots|[from] move: Knock Off|[of] p1a: Witheroot
|
|-damage|p2a: Liliamp|168/305 tox|[from] psn
|upkeep
|turn|30
|
|t:|1753818666
|move|p2a: Liliamp|Scald|p1a: Witheroot
|-resisted|p1a: Witheroot
|-damage|p1a: Witheroot|259/394
|move|p1a: Witheroot|Power Whip|p2a: Liliamp
|-damage|p2a: Liliamp|0 fnt
|faint|p2a: Liliamp
|-end|p2a: Liliamp|ability: Neutralizing Gas
|
|upkeep
|
|t:|1753818671
|switch|p2a: Zapdos|Zapdos|85/321 tox
|turn|31
|
|t:|1753818673
|switch|p1a: Chansey|Chansey, F|625/704
|-damage|p1a: Chansey|537/704|[from] Stealth Rock
|move|p2a: Zapdos|Volt Switch|p1a: Chansey
|-damage|p1a: Chansey|458/704
|
|t:|1753818679
|switch|p2a: Arsenatch|Arsenatch, F|185/281|[from] Volt Switch
|
|upkeep
|turn|32
|
|t:|1753818684
|move|p2a: Arsenatch|Knock Off|p1a: Chansey
|-damage|p1a: Chansey|140/704
|-enditem|p1a: Chansey|Eviolite|[from] move: Knock Off|[of] p2a: Arsenatch
|move|p1a: Chansey|Soft-Boiled|p1a: Chansey
|-heal|p1a: Chansey|492/704
|
|upkeep
|turn|33
|
|t:|1753818701
|switch|p2a: Ferrothorn|Ferrothorn, M|268/351 tox
|move|p1a: Chansey|Stealth Rock|p2a: Ferrothorn
|-sidestart|p2: dewfew|move: Stealth Rock
|
|-damage|p2a: Ferrothorn|247/351 tox|[from] psn
|upkeep
|turn|34
|
|t:|1753818718
|switch|p2a: Tapu Lele|Tapu Lele|281/281
|-damage|p2a: Tapu Lele|246/281|[from] Stealth Rock
|-fieldstart|move: Psychic Terrain|[from] ability: Psychic Surge|[of] p2a: Tapu Lele
|move|p1a: Chansey|Soft-Boiled|p1a: Chansey
|-heal|p1a: Chansey|704/704
|
|upkeep
|turn|35
|
|t:|1753818721
|move|p2a: Tapu Lele|Future Sight|p1a: Chansey
|-start|p2a: Tapu Lele|move: Future Sight
|move|p1a: Chansey|Toxic|p2a: Tapu Lele
|-status|p2a: Tapu Lele|tox
|
|-damage|p2a: Tapu Lele|229/281 tox|[from] psn
|upkeep
|turn|36
|
|t:|1753818729
|switch|p2a: Cormatose|Cormatose, M|414/414
|move|p1a: Chansey|Seismic Toss|p2a: Cormatose
|-damage|p2a: Cormatose|314/414
|
|-heal|p2a: Cormatose|339/414|[from] item: Leftovers
|upkeep
|turn|37
|
|t:|1753818740
|switch|p2a: Arsenatch|Arsenatch, F|185/281
|-damage|p2a: Arsenatch|168/281|[from] Stealth Rock
|move|p1a: Chansey|Seismic Toss|p2a: Arsenatch
|-damage|p2a: Arsenatch|68/281
|
|-end|p1a: Chansey|move: Future Sight
|-damage|p1a: Chansey|422/704
|upkeep
|turn|38
|c|☆dewfew|I’m trolling
|c|☆dewfew|tf am idounn
|c|☆dewfew|ok
|
|t:|1753818756
|move|p2a: Arsenatch|Close Combat|p1a: Chansey
|-supereffective|p1a: Chansey
|-damage|p1a: Chansey|0 fnt
|-unboost|p2a: Arsenatch|def|1
|-unboost|p2a: Arsenatch|spd|1
|faint|p1a: Chansey
|
|-fieldend|move: Psychic Terrain
|upkeep
|
|t:|1753818760
|switch|p1a: Witheroot|Witheroot, M|259/394
|-damage|p1a: Witheroot|210/394|[from] Stealth Rock
|turn|39
|
|t:|1753818777
|switch|p2a: Ferrothorn|Ferrothorn, M|247/351 tox
|-damage|p2a: Ferrothorn|226/351 tox|[from] Stealth Rock
|move|p1a: Witheroot|Power Whip|p2a: Ferrothorn
|-resisted|p2a: Ferrothorn
|-damage|p2a: Ferrothorn|197/351 tox
|-damage|p1a: Witheroot|161/394|[from] ability: Iron Barbs|[of] p2a: Ferrothorn
|
|-damage|p2a: Ferrothorn|176/351 tox|[from] psn
|upkeep
|turn|40
|
|t:|1753818783
|switch|p2a: Tapu Lele|Tapu Lele|229/281 tox
|-damage|p2a: Tapu Lele|194/281 tox|[from] Stealth Rock
|-fieldstart|move: Psychic Terrain|[from] ability: Psychic Surge|[of] p2a: Tapu Lele
|move|p1a: Witheroot|Synthesis|p1a: Witheroot
|-heal|p1a: Witheroot|358/394
|
|-damage|p2a: Tapu Lele|177/281 tox|[from] psn
|upkeep
|turn|41
|
|t:|1753818790
|switch|p1a: Gholdengo|Gholdengo|378/378
|-damage|p1a: Gholdengo|355/378|[from] Stealth Rock
|move|p2a: Tapu Lele|Future Sight|p1a: Gholdengo
|-start|p2a: Tapu Lele|move: Future Sight
|
|-damage|p2a: Tapu Lele|143/281 tox|[from] psn
|upkeep
|turn|42
|
|t:|1753818799
|switch|p2a: Ferrothorn|Ferrothorn, M|176/351 tox
|-damage|p2a: Ferrothorn|155/351 tox|[from] Stealth Rock
|move|p1a: Gholdengo|Hex|p2a: Ferrothorn
|-damage|p2a: Ferrothorn|16/351 tox
|
|-damage|p2a: Ferrothorn|0 fnt|[from] psn
|faint|p2a: Ferrothorn
|upkeep
|
|t:|1753818805
|switch|p2a: Arsenatch|Arsenatch, F|68/281
|-damage|p2a: Arsenatch|51/281|[from] Stealth Rock
|turn|43
|
|t:|1753818808
|move|p2a: Arsenatch|Knock Off|p1a: Gholdengo
|-supereffective|p1a: Gholdengo
|-damage|p1a: Gholdengo|97/378
|move|p1a: Gholdengo|Recover|p1a: Gholdengo
|-heal|p1a: Gholdengo|286/378
|
|-end|p1a: Gholdengo|move: Future Sight
|-resisted|p1a: Gholdengo
|-damage|p1a: Gholdengo|138/378
|upkeep
|turn|44
|
|t:|1753818817
|move|p2a: Arsenatch|Knock Off|p1a: Gholdengo
|-supereffective|p1a: Gholdengo
|-damage|p1a: Gholdengo|0 fnt
|faint|p1a: Gholdengo
|
|-fieldend|move: Psychic Terrain
|upkeep
|
|t:|1753818820
|switch|p1a: Witheroot|Witheroot, M|358/394
|-damage|p1a: Witheroot|309/394|[from] Stealth Rock
|turn|45
|c|☆dewfew|this mon is so ass bruh
|c|☆BalamCorpOfficial|Gg
|c|☆dewfew|68% r we fr
|c|☆dewfew|gg wp
|c|☆BalamCorpOfficial|Not wp
|c|☆BalamCorpOfficial|I played like shit and sacked half my mons tryna predict
|-message|BalamCorpOfficial forfeited.
|
|win|dewfew

