|j|☆dewfew
|j|☆BalamCorpOfficial
|t:|1753819813
|gametype|singles
|player|p1|dewfew|101|
|player|p2|BalamCorpOfficial|2|
|teamsize|p1|6
|teamsize|p2|6
|gen|9
|tier|[Gen 9] National Dex
|rule|HP Percentage Mod: HP is shown in percentages
|rule|Endless Battle Clause: Forcing endless battles is banned
|rule|Species Clause: Limit one of each Pokémon
|rule|OHKO Clause: OHKO moves are banned
|rule|Evasion Clause: Evasion abilities, items, and moves are banned
|rule|Evasion Abilities Clause: Evasion abilities are banned
|rule|Evasion Items Clause: Evasion items are banned
|rule|Evasion Moves Clause: Evasion moves are banned
|rule|Sleep Clause Mod: Limit one foe put to sleep
|rule|Terastal Clause: You cannot Terastallize
|clearpoke
|poke|p1|Zamazenta-*|
|poke|p1|Roaring Moon|
|poke|p1|Iron Crown|
|poke|p1|Primarina, F|
|poke|p1|Cormatose, F|
|poke|p1|Volcarona, F|
|poke|p2|Witheroot, F|
|poke|p2|Chansey, F|
|poke|p2|Gliscor, F|
|poke|p2|Bakurana, M|
|poke|p2|Gholdengo|
|poke|p2|Toxapex, M|
|teampreview
|c|☆BalamCorpOfficial|I can omly use this tea.
|c|☆BalamCorpOfficial|Tsam
|c|☆BalamCorpOfficial|Team
|l|☆dewfew
|player|p1|
|c|☆BalamCorpOfficial|Bruh
|j|☆dewfew
|player|p1|dewfew|101|
|c|☆dewfew|Why
|c|☆dewfew|do u not have anything else
|c|☆dewfew|how am I breakin this without my beloved scale shot mence
|c|☆dewfew|rip
|
|t:|1753819919
|start
|switch|p1a: Zamazenta|Zamazenta|388/388
|switch|p2a: Gliscor|Gliscor, F|352/352
|-ability|p1a: Zamazenta|Dauntless Shield|boost
|-boost|p1a: Zamazenta|def|1
|turn|1
|
|t:|1753819964
|move|p2a: Gliscor|Protect|p2a: Gliscor
|-singleturn|p2a: Gliscor|Protect
|move|p1a: Zamazenta|Reflect|p1a: Zamazenta
|-sidestart|p1: dewfew|Reflect
|
|-status|p2a: Gliscor|tox|[from] item: Toxic Orb
|upkeep
|turn|2
|
|t:|1753819981
|switch|p1a: Iron Crown|Iron Crown|342/342
|-enditem|p1a: Iron Crown|Booster Energy
|-activate|p1a: Iron Crown|ability: Quark Drive|[fromitem]
|-start|p1a: Iron Crown|quarkdrivespe
|move|p2a: Gliscor|Toxic|p1a: Iron Crown
|-immune|p1a: Iron Crown
|
|upkeep
|turn|3
|c|☆BalamCorpOfficial|I have no more teams on this device
|
|t:|1753819991
|switch|p2a: Witheroot|Witheroot, F|394/394
|move|p1a: Iron Crown|Calm Mind|p1a: Iron Crown
|-boost|p1a: Iron Crown|spa|1
|-boost|p1a: Iron Crown|spd|1
|
|upkeep
|turn|4
|
|t:|1753819993
|move|p1a: Iron Crown|Stored Power|p2a: Witheroot
|-supereffective|p2a: Witheroot
|-damage|p2a: Witheroot|178/394
|move|p2a: Witheroot|Toxic|p1a: Iron Crown
|-status|p1a: Iron Crown|tox
|
|-damage|p1a: Iron Crown|321/342 tox|[from] psn
|upkeep
|turn|5
|
|t:|1753819997
|switch|p2a: Gholdengo|Gholdengo|378/378
|move|p1a: Iron Crown|Calm Mind|p1a: Iron Crown
|-boost|p1a: Iron Crown|spa|1
|-boost|p1a: Iron Crown|spd|1
|
|-damage|p1a: Iron Crown|279/342 tox|[from] psn
|upkeep
|turn|6
|c|☆dewfew|that was dumb
|c|☆dewfew|i should’ve just cmd again
|
|t:|1753820013
|move|p1a: Iron Crown|Stored Power|p2a: Gholdengo
|-resisted|p2a: Gholdengo
|-damage|p2a: Gholdengo|216/378
|move|p2a: Gholdengo|Hex|p1a: Iron Crown
|-supereffective|p1a: Iron Crown
|-damage|p1a: Iron Crown|81/342 tox
|
|-damage|p1a: Iron Crown|18/342 tox|[from] psn
|upkeep
|turn|7
|
|t:|1753820017
|move|p1a: Iron Crown|Stored Power|p2a: Gholdengo
|-resisted|p2a: Gholdengo
|-damage|p2a: Gholdengo|48/378
|move|p2a: Gholdengo|Recover|p2a: Gholdengo
|-heal|p2a: Gholdengo|237/378
|
|-damage|p1a: Iron Crown|0 fnt|[from] psn
|faint|p1a: Iron Crown
|-end|p1a: Iron Crown|Quark Drive|[silent]
|upkeep
|
|t:|1753820030
|switch|p1a: Cormatose|Cormatose, F|357/357
|turn|8
|
|t:|1753820038
|switch|p2a: Gliscor|Gliscor, F|352/352 tox
|move|p1a: Cormatose|Swords Dance|p1a: Cormatose
|-boost|p1a: Cormatose|atk|2
|
|-sideend|p1: dewfew|Reflect
|upkeep
|turn|9
|
|t:|1753820041
|move|p1a: Cormatose|Swords Dance|p1a: Cormatose
|-boost|p1a: Cormatose|atk|2
|move|p2a: Gliscor|Toxic|p1a: Cormatose
|-status|p1a: Cormatose|tox
|
|upkeep
|turn|10
|c|☆BalamCorpOfficial|Oh
|c|☆dewfew|prolly gg from here ngl
|c|☆dewfew|i forgot this was mguard
|c|☆dewfew|u definitely still need una
|
|t:|1753820068
|move|p1a: Cormatose|Swords Dance|p1a: Cormatose
|-boost|p1a: Cormatose|atk|2
|move|p2a: Gliscor|Earthquake|p1a: Cormatose
|-damage|p1a: Cormatose|219/357 tox
|
|upkeep
|turn|11
|c|☆BalamCorpOfficial|I have una
|c|☆BalamCorpOfficial|But baku is weak to ground
|c|☆dewfew|is Baku ima?
|c|☆dewfew|Ah
|
|t:|1753820085
|move|p1a: Cormatose|Play Rough|p2a: Gliscor
|-damage|p2a: Gliscor|0 fnt
|faint|p2a: Gliscor
|
|upkeep
|c|☆dewfew|Yea non earth e at er is really bad
|
|t:|1753820093
|switch|p2a: Gholdengo|Gholdengo|237/378
|turn|12
|
|t:|1753820098
|move|p1a: Cormatose|Earthquake|p2a: Gholdengo
|-supereffective|p2a: Gholdengo
|-damage|p2a: Gholdengo|0 fnt
|faint|p2a: Gholdengo
|
|upkeep
|-message|BalamCorpOfficial forfeited.
|
|win|dewfew

