|j|☆spookycooke
|j|☆dewfew
|t:|1753828620
|gametype|singles
|player|p1|spookycooke|2|
|player|p2|dewfew|2|
|teamsize|p1|6
|teamsize|p2|6
|gen|9
|tier|[Gen 9] National Dex
|rule|HP Percentage Mod: HP is shown in percentages
|rule|Endless Battle Clause: Forcing endless battles is banned
|rule|Species Clause: Limit one of each Pokémon
|rule|OHKO Clause: OHKO moves are banned
|rule|Evasion Clause: Evasion abilities, items, and moves are banned
|rule|Evasion Abilities Clause: Evasion abilities are banned
|rule|Evasion Items Clause: Evasion items are banned
|rule|Evasion Moves Clause: Evasion moves are banned
|rule|Sleep Clause Mod: Limit one foe put to sleep
|rule|Terastal Clause: You cannot Terastallize
|clearpoke
|poke|p1|Spirition, M|
|poke|p1|Serposa, M|
|poke|p1|Magnezone|
|poke|p1|Landorus-Therian, M|
|poke|p1|Coolduck, F|
|poke|p1|Fleaclipse, M|
|poke|p2|Witheroot, M|
|poke|p2|Hessifeng, F|
|poke|p2|Kazehiro, F|
|poke|p2|Cormatose, F|
|poke|p2|Toxapex, M|
|poke|p2|Bakurana, M|
|teampreview
|c|☆spookycooke|glhf
|c|☆dewfew|hf
|c|☆dewfew|did some rebuilding
|c|☆dewfew|its uh
|c|☆dewfew|questionable at best
|j|~Animemer
|c|~Animemer|booo go die 
|
|t:|1753828673
|start
|switch|p1a: Landorus|Landorus-Therian, M|382/382
|switch|p2a: Kazehiro|Kazehiro, F|343/343
|-ability|p1a: Landorus|Intimidate|boost
|-unboost|p2a: Kazehiro|atk|1
|turn|1
|c|~Animemer|@dewfew
|c|☆dewfew|:(
|c|☆dewfew|ok
|c|☆dewfew|fine
|
|t:|1753828694
|move|p2a: Kazehiro|Ice Beam|p1a: Landorus
|-supereffective|p1a: Landorus
|-damage|p1a: Landorus|0 fnt
|faint|p1a: Landorus
|
|upkeep
|c|☆dewfew|bam
|c|☆dewfew|illouri gave this thing terapagos ahh coverage
|c|☆spookycooke|that just filled me with anger.
|c|~Animemer|wicked
|
|t:|1753828711
|switch|p1a: Magnezone|Magnezone|344/344
|turn|2
|c|~Animemer|LOL
|
|t:|1753828713
|switch|p2a: Bakurana|Bakurana, M|436/436
|detailschange|p1a: Magnezone|Magnezone-Mega
|-mega|p1a: Magnezone|Magnezone|Magnezonite
|move|p1a: Magnezone|Volt Switch|p2a: Bakurana
|-immune|p2a: Bakurana
|
|upkeep
|turn|3
|c|~Animemer|doesnt it have liek 110
|c|~Animemer|sounds ahh
|c|☆dewfew|eh
|c|☆dewfew|its fine
|c|☆dewfew|lowk overhated
|c|☆spookycooke|terap has 105
|
|t:|1753828732
|switch|p1a: Coolduck|Coolduck, F|404/404
|move|p2a: Bakurana|Stealth Rock|p1a: Coolduck
|-sidestart|p1: spookycooke|move: Stealth Rock
|
|upkeep
|turn|4
|c|☆dewfew|yea
|c|☆dewfew|but
|c|☆dewfew|terapagos isa lso sapmming tera startstorm
|c|☆dewfew|which hits neutrally into like
|c|☆dewfew|everything
|c|~Animemer|yea\
|c|☆dewfew|so
|c|~Animemer|sob
|
|t:|1753828758
|switch|p2a: Witheroot|Witheroot, M|394/394
|move|p1a: Coolduck|Knock Off|p2a: Witheroot
|-damage|p2a: Witheroot|341/394
|-enditem|p2a: Witheroot|Heavy-Duty Boots|[from] move: Knock Off|[of] p1a: Coolduck
|
|upkeep
|turn|5
|c|☆spookycooke|i did try experimenting with special kaze tho
|
|t:|1753828765
|move|p2a: Witheroot|Toxic|p1a: Coolduck
|-status|p1a: Coolduck|tox
|move|p1a: Coolduck|Flip Turn|p2a: Witheroot
|-resisted|p2a: Witheroot
|-damage|p2a: Witheroot|318/394
|
|t:|1753828773
|switch|p1a: Magnezone|Magnezone-Mega|344/344|[from] Flip Turn
|-damage|p1a: Magnezone|323/344|[from] Stealth Rock
|
|upkeep
|turn|6
|c|☆dewfew|witheroot toxapex may be overkill
|c|☆dewfew|im ngl
|
|t:|1753828779
|switch|p2a: Bakurana|Bakurana, M|436/436
|move|p1a: Magnezone|Flash Cannon|p2a: Bakurana
|-resisted|p2a: Bakurana
|-damage|p2a: Bakurana|369/436
|-unboost|p2a: Bakurana|spd|1
|
|upkeep
|turn|7
|
|t:|1753828783
|switch|p1a: Coolduck|Coolduck, F|404/404 tox
|move|p2a: Bakurana|Blast Puke||[still]
|-anim|p2a: Bakurana|Bulk Up|p2a: Bakurana
|-anim|p2a: Bakurana|Eruption|p1a: Coolduck
|-resisted|p1a: Coolduck
|-damage|p1a: Coolduck|378/404 tox
|-start|p1a: Coolduck|Blast Puke
|
|-damage|p1a: Coolduck|353/404 tox|[from] psn
|-damage|p1a: Coolduck|303/404 tox|[from] Blast Puke
|upkeep
|turn|8
|
|t:|1753828788
|switch|p2a: Toxapex|Toxapex, M|304/304
|move|p1a: Coolduck|Flip Turn|p2a: Toxapex
|-resisted|p2a: Toxapex
|-damage|p2a: Toxapex|288/304
|
|t:|1753828798
|-end|p1a: Coolduck|Blast Puke
|switch|p1a: Magnezone|Magnezone-Mega|323/344|[from] Flip Turn
|-damage|p1a: Magnezone|302/344|[from] Stealth Rock
|
|upkeep
|turn|9
|
|t:|1753828803
|switch|p1a: Serposa|Serposa, M|299/299
|-damage|p1a: Serposa|262/299|[from] Stealth Rock
|switch|p2a: Bakurana|Bakurana, M|369/436
|
|upkeep
|turn|10
|
|t:|1753828805
|switch|p2a: Toxapex|Toxapex, M|304/304
|move|p1a: Serposa|Flip Turn|p2a: Toxapex
|-resisted|p2a: Toxapex
|-damage|p2a: Toxapex|289/304
|
|t:|1753828811
|switch|p1a: Coolduck|Coolduck, F|303/404 tox|[from] Flip Turn
|
|-damage|p1a: Coolduck|278/404 tox|[from] psn
|upkeep
|turn|11
|
|t:|1753828816
|switch|p2a: Witheroot|Witheroot, M|318/394
|move|p1a: Coolduck|Knock Off|p2a: Witheroot
|-damage|p2a: Witheroot|279/394
|
|-damage|p1a: Coolduck|228/404 tox|[from] psn
|upkeep
|turn|12
|
|t:|1753828818
|move|p2a: Witheroot|Synthesis|p2a: Witheroot
|-heal|p2a: Witheroot|394/394
|move|p1a: Coolduck|Flip Turn|p2a: Witheroot
|-resisted|p2a: Witheroot
|-damage|p2a: Witheroot|370/394
|
|t:|1753828821
|switch|p1a: Spirition|Spirition, M|323/323|[from] Flip Turn
|-damage|p1a: Spirition|303/323|[from] Stealth Rock
|
|upkeep
|turn|13
|c|☆spookycooke|wtf do i even do here
|
|t:|1753828832
|switch|p2a: Kazehiro|Kazehiro, F|343/343
|move|p1a: Spirition|Swords Dance|p1a: Spirition
|-boost|p1a: Spirition|atk|2
|
|upkeep
|turn|14
|
|t:|1753828835
|move|p2a: Kazehiro|Aerocutter||[still]
|-anim|p2a: Kazehiro|Aeroblast|p1a: Spirition
|-supereffective|p1a: Spirition
|-damage|p1a: Spirition|0 fnt
|faint|p1a: Spirition
|
|upkeep
|c|☆dewfew|nothing i guess
|
|t:|1753828839
|switch|p1a: Serposa|Serposa, M|262/299
|-damage|p1a: Serposa|225/299|[from] Stealth Rock
|turn|15
|c|☆dewfew|i promise i did not
|c|☆dewfew|intend to cteam
|c|☆dewfew|lol
|
|t:|1753828845
|switch|p2a: Toxapex|Toxapex, M|304/304
|move|p1a: Serposa|Psychic|p2a: Toxapex
|-supereffective|p2a: Toxapex
|-damage|p2a: Toxapex|132/304
|
|upkeep
|turn|16
|c|☆dewfew|pex baku does kind of
|c|☆dewfew|oh wow it learns psychic
|c|☆dewfew|i did not know that!
|
|t:|1753828859
|switch|p1a: Magnezone|Magnezone-Mega|302/344
|-damage|p1a: Magnezone|281/344|[from] Stealth Rock
|switch|p2a: Hessifeng|Hessifeng, F|321/321
|-ability|p2a: Hessifeng|Dark Aura
|
|upkeep
|turn|17
|
|t:|1753828866
|switch|p1a: Coolduck|Coolduck, F|228/404 tox
|move|p2a: Hessifeng|Superpower|p1a: Coolduck
|-resisted|p1a: Coolduck
|-damage|p1a: Coolduck|123/404 tox
|-unboost|p2a: Hessifeng|atk|1
|-unboost|p2a: Hessifeng|def|1
|
|-damage|p1a: Coolduck|98/404 tox|[from] psn
|upkeep
|turn|18
|c|☆dewfew|it does
|c|☆dewfew|zero dama
|
|t:|1753828875
|switch|p2a: Witheroot|Witheroot, M|370/394
|move|p1a: Coolduck|Recover|p1a: Coolduck
|-heal|p1a: Coolduck|300/404 tox
|
|-damage|p1a: Coolduck|250/404 tox|[from] psn
|upkeep
|turn|19
|
|t:|1753828877
|move|p2a: Witheroot|Power Whip|p1a: Coolduck|[miss]
|-miss|p2a: Witheroot|p1a: Coolduck
|move|p1a: Coolduck|Flip Turn|p2a: Witheroot
|-resisted|p2a: Witheroot
|-damage|p2a: Witheroot|345/394
|
|t:|1753828881
|switch|p1a: Fleaclipse|Fleaclipse, M|291/291|[from] Flip Turn
|-damage|p1a: Fleaclipse|219/291|[from] Stealth Rock
|
|upkeep
|turn|20
|c|☆dewfew|lowkey invest in scarf kazehiro
|
|t:|1753828889
|switch|p2a: Cormatose|Cormatose, F|414/414
|move|p1a: Fleaclipse|Swords Dance|p1a: Fleaclipse
|-boost|p1a: Fleaclipse|atk|2
|
|upkeep
|turn|21
|
|t:|1753828892
|move|p1a: Fleaclipse|Swords Dance|p1a: Fleaclipse
|-boost|p1a: Fleaclipse|atk|2
|move|p2a: Cormatose|Moonblast|p1a: Fleaclipse
|-supereffective|p1a: Fleaclipse
|-damage|p1a: Fleaclipse|0 fnt
|faint|p1a: Fleaclipse
|
|upkeep
|c|☆spookycooke|gg
|c|☆dewfew|whats the item on that
|c|☆dewfew|gg
|-message|spookycooke forfeited.
|
|win|dewfew

