|j|☆dewfew
|j|☆Animemer
|t:|1753844747
|gametype|singles
|player|p1|dewfew|265|
|player|p2|Animemer|wikstrom|
|teamsize|p1|6
|teamsize|p2|6
|gen|9
|tier|[Gen 9] National Dex
|rule|HP Percentage Mod: HP is shown in percentages
|rule|Endless Battle Clause: Forcing endless battles is banned
|rule|Species Clause: Limit one of each Pokémon
|rule|OHKO Clause: OHKO moves are banned
|rule|Evasion Clause: Evasion abilities, items, and moves are banned
|rule|Evasion Abilities Clause: Evasion abilities are banned
|rule|Evasion Items Clause: Evasion items are banned
|rule|Evasion Moves Clause: Evasion moves are banned
|rule|Sleep Clause Mod: Limit one foe put to sleep
|rule|Terastal Clause: You cannot Terastallize
|clearpoke
|poke|p1|Primarina, F|
|poke|p1|Brevicectric, F|
|poke|p1|Garchomp, F|
|poke|p1|Alomomola, M|
|poke|p1|Gholdengo|
|poke|p1|Saruglace, M|
|poke|p2|Delphox, F|
|poke|p2|Infestalk, M|
|poke|p2|Alomomola, F|
|poke|p2|Bakurana, M|
|poke|p2|Gallade-Tanoso, M|
|poke|p2|Quaquaval-Tanoso, F|
|teampreview
|c|☆Animemer|hi gurt
|c|☆dewfew|pretty mid ahh team
|c|☆dewfew|huh
|c|☆dewfew|normal delphox
|c|☆dewfew|for fire blast?
|c|☆dewfew|!learn delphox, hyper voice
|c|%dewfew|/raw <div class="infobox">In [Gen 9] National Dex, Delphox <span class="message-learn-canlearn">can</span> learn Hyper Voice from:<ul class="message-learn-list"><li>anywhere (move is level-up/tutor/TM/HM/egg in Gen 9)</ul></div>
|c|☆Animemer|for np
|c|☆dewfew|!nms delphox, fairy
|c|%dewfew|/raw <div class="infobox"><span class="gray">Matching moves found in learnset(s) for</span> Delphox:<br /><a href="//dex.pokemonshowdown.com/moves/charm" target="_blank" class="subtle" style="white-space:nowrap">Charm</a>, <a href="//dex.pokemonshowdown.com/moves/dazzlinggleam" target="_blank" class="subtle" style="white-space:nowrap">Dazzling Gleam</a></div>
|c|☆dewfew|ah
|c|☆dewfew|hm
|c|☆dewfew|yea that might a little busted ngl
|c|☆Animemer|and flamethrower technically
|c|☆Animemer|downgrade to dazzling gleam tho
|c|☆dewfew|+2 dazzle > +1 moonblast
|c|☆Animemer|aye
|c|☆dewfew|soaring sparke lis only a little stronger
|c|☆dewfew|idk that oculd make delph problematic
|c|☆dewfew|we'll see
|c|☆Animemer|it could yea
|c|☆Animemer|high speed tier
|
|t:|1753844841
|start
|switch|p1a: Primarina|Primarina, F|363/363
|switch|p2a: Bakurana|Bakurana, M|436/436
|turn|1
|c|☆Animemer|372 speed tier is troublesome
|c|☆Animemer|sigh.
|c|☆dewfew|lmao
|
|t:|1753844856
|switch|p2a: Infestalk|Infestalk, M|402/402
|detailschange|p1a: Primarina|Primarina-Mega, F
|-mega|p1a: Primarina|Primarina|Primarinite
|move|p1a: Primarina|Scald|p2a: Infestalk
|-resisted|p2a: Infestalk
|-damage|p2a: Infestalk|349/402
|
|upkeep
|turn|2
|c|☆dewfew|no burns
|c|☆dewfew|tragic
|
|t:|1753844867
|move|p1a: Primarina|Scald|p2a: Infestalk
|-resisted|p2a: Infestalk
|-damage|p2a: Infestalk|298/402
|move|p2a: Infestalk|Leaf Blade|p1a: Primarina
|-supereffective|p1a: Primarina
|-damage|p1a: Primarina|205/363
|
|upkeep
|turn|3
|c|☆dewfew|ok
|c|☆dewfew|im gurting
|
|t:|1753844882
|move|p1a: Primarina|Scald|p2a: Infestalk
|-resisted|p2a: Infestalk
|-damage|p2a: Infestalk|244/402
|move|p2a: Infestalk|Leaf Blade|p1a: Primarina
|-supereffective|p1a: Primarina
|-damage|p1a: Primarina|55/363
|
|upkeep
|turn|4
|c|☆dewfew|bro
|c|☆dewfew|this game pmo
|c|☆Animemer|guh
|
|t:|1753844895
|switch|p1a: Gholdengo|Gholdengo|378/378
|move|p2a: Infestalk|U-turn|p1a: Gholdengo
|-resisted|p1a: Gholdengo
|-damage|p1a: Gholdengo|363/378
|c|☆dewfew|spooky gets 3 moonblast drops in ar ow and i cant get one burn
|c|☆dewfew|smh
|
|t:|1753844909
|switch|p2a: Delphox|Delphox, F|291/291|[from] U-turn
|
|upkeep
|turn|5
|c|☆dewfew|bro
|c|☆dewfew|i have
|c|☆dewfew|round on my brevicectric
|c|☆dewfew|instead of roost
|c|☆dewfew|kms
|c|☆Animemer|LOLLL
|c|☆Animemer|thats actually fucking hilarious
|
|t:|1753844944
|switch|p1a: Alomomola|Alomomola, M|472/472
|move|p2a: Delphox|Flamethrower|p1a: Alomomola
|-resisted|p1a: Alomomola
|-damage|p1a: Alomomola|376/472
|
|upkeep
|turn|6
|c|☆Animemer|fuh
|c|☆dewfew|why did u not mega
|c|☆dewfew|stab?
|c|☆Animemer|aye
|
|t:|1753844962
|switch|p2a: Quaquaval|Quaquaval-Tanoso, F|374/374
|move|p1a: Alomomola|Flip Turn|p2a: Quaquaval
|-damage|p2a: Quaquaval|338/374
|
|t:|1753844967
|switch|p1a: Garchomp|Garchomp, F|420/420|[from] Flip Turn
|
|upkeep
|turn|7
|
|t:|1753844974
|switch|p2a: Bakurana|Bakurana, M|436/436
|move|p1a: Garchomp|Spikes|p2a: Bakurana
|-sidestart|p2: Animemer|Spikes
|
|upkeep
|turn|8
|c|☆dewfew|this team is ahh
|
|t:|1753844981
|switch|p1a: Alomomola|Alomomola, M|472/472
|move|p2a: Bakurana|Toxic|p1a: Alomomola
|-status|p1a: Alomomola|tox
|
|-damage|p1a: Alomomola|443/472 tox|[from] psn
|upkeep
|turn|9
|
|t:|1753844991
|switch|p2a: Quaquaval|Quaquaval-Tanoso, F|338/374
|move|p1a: Alomomola|Wish|p1a: Alomomola
|
|-damage|p1a: Alomomola|385/472 tox|[from] psn
|upkeep
|turn|10
|c|☆dewfew|toxic baku so u can lose to heatran or what
|
|t:|1753845001
|move|p2a: Quaquaval|Defog|p1a: Alomomola
|-unboost|p1a: Alomomola|evasion|1
|-sideend|p2: Animemer|Spikes|[from] move: Defog|[of] p2a: Quaquaval
|move|p1a: Alomomola|Flip Turn|p2a: Quaquaval
|-damage|p2a: Quaquaval|307/374
|
|t:|1753845003
|switch|p1a: Primarina|Primarina-Mega, F|55/363|[from] Flip Turn
|
|-heal|p1a: Primarina|291/363|[from] move: Wish|[wisher] Alomomola
|upkeep
|turn|11
|c|☆Animemer|i have mola bro
|c|☆dewfew|did not ask 
|c|☆Animemer|k
|
|t:|1753845016
|switch|p1a: Alomomola|Alomomola, M|472/472 tox
|move|p2a: Quaquaval|Rushing Lance||[still]
|-anim|p2a: Quaquaval|Flash Cannon|p1a: Alomomola
|-resisted|p1a: Alomomola
|-damage|p1a: Alomomola|454/472 tox
|-resisted|p1a: Alomomola
|-damage|p1a: Alomomola|437/472 tox
|-resisted|p1a: Alomomola
|-damage|p1a: Alomomola|416/472 tox
|-hitcount|p1a: Alomomola|3
|
|-damage|p1a: Alomomola|387/472 tox|[from] psn
|upkeep
|turn|12
|
|t:|1753845030
|move|p2a: Quaquaval|U-turn|p1a: Alomomola
|-damage|p1a: Alomomola|335/472 tox
|
|t:|1753845034
|switch|p2a: Gallade|Gallade-Tanoso, M|297/297|[from] U-turn
|move|p1a: Alomomola|Flip Turn|p2a: Gallade
|-damage|p2a: Gallade|221/297
|
|t:|1753845037
|switch|p1a: Saruglace|Saruglace, M|335/335|[from] Flip Turn
|
|upkeep
|turn|13
|
|t:|1753845043
|switch|p1a: Alomomola|Alomomola, M|472/472 tox
|move|p2a: Gallade|Sacred Sword|p1a: Alomomola
|-damage|p1a: Alomomola|335/472 tox
|
|-damage|p1a: Alomomola|306/472 tox|[from] psn
|upkeep
|turn|14
|c|☆dewfew|nice scarf
|c|☆Animemer|kek
|
|t:|1753845059
|switch|p2a: Infestalk|Infestalk, M|378/402
|move|p1a: Alomomola|Flip Turn|p2a: Infestalk
|-resisted|p2a: Infestalk
|-damage|p2a: Infestalk|356/402
|
|t:|1753845063
|switch|p1a: Saruglace|Saruglace, M|335/335|[from] Flip Turn
|
|upkeep
|turn|15
|
|t:|1753845069
|switch|p2a: Alomomola|Alomomola, F|473/473
|move|p1a: Saruglace|U-turn|p2a: Alomomola
|-damage|p2a: Alomomola|374/473
|
|t:|1753845072
|switch|p1a: Primarina|Primarina-Mega, F|291/363|[from] U-turn
|
|upkeep
|turn|16
|
|t:|1753845079
|move|p1a: Primarina|Substitute|p1a: Primarina
|-start|p1a: Primarina|Substitute
|-damage|p1a: Primarina|201/363
|move|p2a: Alomomola|Flip Turn|p1a: Primarina
|-resisted|p1a: Primarina
|-activate|p1a: Primarina|move: Substitute|[damage]
|c|☆Animemer|lowkey
|
|t:|1753845095
|switch|p2a: Delphox|Delphox, F|291/291|[from] Flip Turn
|
|upkeep
|turn|17
|c|☆Animemer|this kinda goes through
|c|☆dewfew|not really
|c|☆dewfew|delphox is good into it
|
|t:|1753845109
|detailschange|p2a: Delphox|Delphox-Tanoso-Mega, F
|-mega|p2a: Delphox|Delphox-Tanoso|Delphoxite-T
|-fieldstart|move: Misty Terrain|[from] ability: Misty Surge|[of] p2a: Delphox
|move|p2a: Delphox|Nasty Plot|p2a: Delphox
|-boost|p2a: Delphox|spa|2
|move|p1a: Primarina|Draining Kiss|p2a: Delphox
|-damage|p2a: Delphox|216/291
|-heal|p1a: Primarina|257/363|[from] drain|[of] p2a: Delphox
|
|upkeep
|turn|18
|
|t:|1753845114
|switch|p1a: Gholdengo|Gholdengo|363/378
|move|p2a: Delphox|Hyper Voice|p1a: Gholdengo
|-immune|p1a: Gholdengo
|
|upkeep
|turn|19
|
|t:|1753845141
|switch|p1a: Brevicectric|Brevicectric, F|404/404
|move|p2a: Delphox|Flamethrower|p1a: Brevicectric
|-damage|p1a: Brevicectric|140/404
|
|upkeep
|turn|20
|c|☆Animemer|!learn delphox, draining kiss
|c|~Animemer|/raw <div class="infobox">In [Gen 9] National Dex, Delphox <span class="message-learn-cannotlearn">can't</span> learn Draining Kiss</div>
|
|t:|1753845151
|move|p1a: Brevicectric|Brave Bird|p2a: Delphox
|-damage|p2a: Delphox|41/291
|-damage|p1a: Brevicectric|82/404|[from] Recoil
|move|p2a: Delphox|Dazzling Gleam|p1a: Brevicectric
|-damage|p1a: Brevicectric|0 fnt
|faint|p1a: Brevicectric
|
|upkeep
|c|☆dewfew|u know
|c|☆dewfew|i didnt really think about what next
|
|t:|1753845166
|switch|p1a: Saruglace|Saruglace, M|335/335
|turn|21
|
|t:|1753845172
|switch|p2a: Alomomola|Alomomola, F|473/473
|move|p1a: Saruglace|Quick Attack|p2a: Alomomola
|-resisted|p2a: Alomomola
|-damage|p2a: Alomomola|420/473
|
|-fieldend|Misty Terrain
|upkeep
|turn|22
|c|☆dewfew|balls
|c|☆Animemer|uhuh
|
|t:|1753845180
|switch|p1a: Primarina|Primarina-Mega, F|257/363
|move|p2a: Alomomola|Flip Turn|p1a: Primarina
|-resisted|p1a: Primarina
|-damage|p1a: Primarina|234/363
|
|t:|1753845192
|switch|p2a: Infestalk|Infestalk, M|402/402|[from] Flip Turn
|
|upkeep
|turn|23
|
|t:|1753845204
|switch|p1a: Gholdengo|Gholdengo|363/378
|move|p2a: Infestalk|Wish|p2a: Infestalk
|
|upkeep
|turn|24
|c|☆dewfew|oh
|c|☆dewfew|is it av mola
|c|☆dewfew|ew...
|c|☆Animemer|it is
|c|☆Animemer|LOL
|c|☆Animemer|thats why im toc
|c|☆Animemer|tox
|c|☆dewfew|was wondering why you had both
|
|t:|1753845223
|move|p1a: Gholdengo|Nasty Plot|p1a: Gholdengo
|-boost|p1a: Gholdengo|spa|2
|move|p2a: Infestalk|U-turn|p1a: Gholdengo
|-resisted|p1a: Gholdengo
|-damage|p1a: Gholdengo|348/378
|
|t:|1753845227
|switch|p2a: Delphox|Delphox-Tanoso-Mega, F|41/291|[from] U-turn
|-fieldstart|move: Misty Terrain|[from] ability: Misty Surge|[of] p2a: Delphox
|
|-heal|p2a: Delphox|242/291|[from] move: Wish|[wisher] Infestalk
|upkeep
|turn|25
|c|☆dewfew|yea delph splits me in half ngl
|
|t:|1753845242
|switch|p2a: Alomomola|Alomomola, F|473/473
|move|p1a: Gholdengo|Focus Blast|p2a: Alomomola
|-damage|p2a: Alomomola|301/473
|
|upkeep
|turn|26
|c|☆Animemer|ow that did more than i expected
|c|☆Animemer|shoulda went infestalk
|c|☆dewfew|proly
|c|☆Animemer|maybe i lived?
|c|☆Animemer|idk
|
|t:|1753845275
|move|p1a: Gholdengo|Nasty Plot|p1a: Gholdengo
|-boost|p1a: Gholdengo|spa|2
|move|p2a: Alomomola|Flip Turn|p1a: Gholdengo
|-damage|p1a: Gholdengo|303/378
|
|t:|1753845278
|switch|p2a: Bakurana|Bakurana, M|436/436|[from] Flip Turn
|
|upkeep
|turn|27
|c|☆Animemer|im una btw too
|
|t:|1753845285
|-zpower|p1a: Gholdengo
|move|p1a: Gholdengo|Never-Ending Nightmare|p2a: Bakurana|[zeffect]
|-damage|p2a: Bakurana|262/436
|move|p2a: Bakurana|Blast Puke||[still]
|-anim|p2a: Bakurana|Bulk Up|p2a: Bakurana
|-anim|p2a: Bakurana|Eruption|p1a: Gholdengo
|-supereffective|p1a: Gholdengo
|-damage|p1a: Gholdengo|183/378
|-start|p1a: Gholdengo|Blast Puke
|
|-damage|p1a: Gholdengo|136/378|[from] Blast Puke
|upkeep
|turn|28
|c|☆dewfew|cap
|c|☆dewfew|not cap
|c|☆Animemer|LOL
|c|☆dewfew|thatas so ass bro
|
|t:|1753845302
|-end|p1a: Gholdengo|Blast Puke
|switch|p1a: Alomomola|Alomomola, M|463/472 tox
|move|p2a: Bakurana|Slack Off|p2a: Bakurana
|-heal|p2a: Bakurana|436/436
|
|-damage|p1a: Alomomola|434/472 tox|[from] psn
|-fieldend|Misty Terrain
|upkeep
|turn|29
|c|☆Animemer|i baited u too
|c|☆Animemer|sitting on your garchomp
|
|t:|1753845318
|switch|p2a: Infestalk|Infestalk, M|402/402
|move|p1a: Alomomola|Flip Turn|p2a: Infestalk
|-resisted|p2a: Infestalk
|-damage|p2a: Infestalk|379/402
|
|t:|1753845320
|switch|p1a: Saruglace|Saruglace, M|335/335|[from] Flip Turn
|
|upkeep
|turn|30
|
|t:|1753845328
|switch|p2a: Alomomola|Alomomola, F|458/473
|move|p1a: Saruglace|U-turn|p2a: Alomomola
|-crit|p2a: Alomomola
|-damage|p2a: Alomomola|289/473
|c|☆Animemer|owie
|
|t:|1753845333
|switch|p1a: Primarina|Primarina-Mega, F|234/363|[from] U-turn
|
|upkeep
|turn|31
|
|t:|1753845336
|move|p1a: Primarina|Calm Mind|p1a: Primarina
|-boost|p1a: Primarina|spa|1
|-boost|p1a: Primarina|spd|1
|move|p2a: Alomomola|Flip Turn|p1a: Primarina
|-resisted|p1a: Primarina
|-damage|p1a: Primarina|211/363
|
|t:|1753845339
|switch|p2a: Gallade|Gallade-Tanoso, M|221/297|[from] Flip Turn
|
|upkeep
|turn|32
|
|t:|1753845346
|switch|p1a: Alomomola|Alomomola, M|472/472 tox
|move|p2a: Gallade|Plasma Blade||[still]
|-anim|p2a: Gallade|Smart Strike|p1a: Alomomola
|-anim|p1a: Alomomola|Camouflage|p2a: Gallade
|-supereffective|p1a: Alomomola
|-damage|p1a: Alomomola|140/472 tox
|
|-damage|p1a: Alomomola|111/472 tox|[from] psn
|upkeep
|turn|33
|
|t:|1753845349
|move|p2a: Gallade|Plasma Blade||[still]
|-anim|p2a: Gallade|Smart Strike|p1a: Alomomola
|-anim|p1a: Alomomola|Camouflage|p2a: Gallade
|-supereffective|p1a: Alomomola
|-damage|p1a: Alomomola|0 fnt
|faint|p1a: Alomomola
|
|upkeep
|c|☆dewfew|ok
|c|☆dewfew|im just ass i guess
|
|t:|1753845353
|switch|p1a: Garchomp|Garchomp, F|420/420
|turn|34
|c|☆Animemer|i guess so
|
|t:|1753845363
|switch|p2a: Alomomola|Alomomola, F|446/473
|move|p1a: Garchomp|Spikes|p2a: Alomomola
|-sidestart|p2: Animemer|Spikes
|
|upkeep
|turn|35
|
|t:|1753845370
|move|p1a: Garchomp|Spikes|p2a: Alomomola
|-sidestart|p2: Animemer|Spikes
|move|p2a: Alomomola|Knock Off|p1a: Garchomp
|-damage|p1a: Garchomp|380/420
|-damage|p2a: Alomomola|387/473|[from] ability: Rough Skin|[of] p1a: Garchomp
|-enditem|p1a: Garchomp|Megalite|[from] move: Knock Off|[of] p2a: Alomomola
|
|upkeep
|turn|36
|
|t:|1753845377
|move|p1a: Garchomp|Spikes|p2a: Alomomola
|-sidestart|p2: Animemer|Spikes
|move|p2a: Alomomola|Flip Turn|p1a: Garchomp
|-damage|p1a: Garchomp|331/420
|-damage|p2a: Alomomola|328/473|[from] ability: Rough Skin|[of] p1a: Garchomp
|
|t:|1753845382
|switch|p2a: Quaquaval|Quaquaval-Tanoso, F|307/374|[from] Flip Turn
|
|upkeep
|turn|37
|c|☆dewfew|bruh if stalk burned one of of those scalds
|c|☆dewfew|it was so over
|
|t:|1753845388
|switch|p1a: Gholdengo|Gholdengo|136/378
|move|p2a: Quaquaval|Defog|p1a: Gholdengo
|-immune|p1a: Gholdengo|[from] ability: Good as Gold
|
|upkeep
|turn|38
|
|t:|1753845392
|move|p1a: Gholdengo|Recover|p1a: Gholdengo
|-heal|p1a: Gholdengo|325/378
|move|p2a: Quaquaval|U-turn|p1a: Gholdengo
|-resisted|p1a: Gholdengo
|-damage|p1a: Gholdengo|312/378
|
|t:|1753845395
|switch|p2a: Bakurana|Bakurana, M|436/436|[from] U-turn
|
|upkeep
|turn|39
|
|t:|1753845400
|switch|p1a: Garchomp|Garchomp, F|331/420
|move|p2a: Bakurana|Blast Puke||[still]
|-anim|p2a: Bakurana|Bulk Up|p2a: Bakurana
|-anim|p2a: Bakurana|Eruption|p1a: Garchomp
|-resisted|p1a: Garchomp
|-damage|p1a: Garchomp|299/420
|-start|p1a: Garchomp|Blast Puke
|
|-damage|p1a: Garchomp|247/420|[from] Blast Puke
|upkeep
|turn|40
|
|t:|1753845424
|switch|p2a: Infestalk|Infestalk, M|402/402
|move|p1a: Garchomp|Toxic|p2a: Infestalk
|-status|p2a: Infestalk|tox
|
|-damage|p2a: Infestalk|377/402 tox|[from] psn
|-damage|p1a: Garchomp|195/420|[from] Blast Puke
|upkeep
|turn|41
|c|☆dewfew|ok
|c|☆dewfew|i actually did not want that
|c|☆dewfew|i needed a burn on this
|c|☆Animemer|yeah lol
|c|☆dewfew|whatever
|c|☆Animemer|i was begging for it
|c|☆dewfew|its fine
|c|☆Animemer|its not
|
|t:|1753845443
|move|p2a: Infestalk|U-turn|p1a: Garchomp
|-damage|p1a: Garchomp|135/420
|-damage|p2a: Infestalk|327/402 tox|[from] ability: Rough Skin|[of] p1a: Garchomp
|c|☆dewfew|no
|c|☆dewfew|it is
|c|☆dewfew|trust
|
|t:|1753845448
|switch|p2a: Quaquaval|Quaquaval-Tanoso, F|307/374|[from] U-turn
|move|p1a: Garchomp|Dragon Tail|p2a: Quaquaval
|-resisted|p2a: Quaquaval
|-damage|p2a: Quaquaval|280/374
|drag|p2a: Gallade|Gallade-Tanoso, M|221/297
|-damage|p2a: Gallade|147/297|[from] Spikes
|
|-damage|p1a: Garchomp|83/420|[from] Blast Puke
|upkeep
|turn|42
|
|t:|1753845456
|move|p2a: Gallade|Earthquake|p1a: Garchomp
|-damage|p1a: Garchomp|0 fnt
|faint|p1a: Garchomp
|
|upkeep
|c|☆dewfew|what does that even hit
|
|t:|1753845464
|switch|p1a: Saruglace|Saruglace, M|335/335
|turn|43
|c|☆Animemer|slug
|c|☆Animemer|what else goes last
|c|☆dewfew|for like
|c|☆dewfew|35?
|c|☆dewfew|idk
|c|☆dewfew|i had kowtow there before
|
|t:|1753845482
|move|p2a: Gallade|Earthquake|p1a: Saruglace
|-damage|p1a: Saruglace|195/335
|move|p1a: Saruglace|Close Combat|p2a: Gallade
|-supereffective|p2a: Gallade
|-damage|p2a: Gallade|0 fnt
|-unboost|p1a: Saruglace|def|1
|-unboost|p1a: Saruglace|spd|1
|faint|p2a: Gallade
|
|upkeep
|
|t:|1753845497
|switch|p2a: Delphox|Delphox-Tanoso-Mega, F|242/291
|-damage|p2a: Delphox|170/291|[from] Spikes
|-fieldstart|move: Misty Terrain|[from] ability: Misty Surge|[of] p2a: Delphox
|turn|44
|c|☆dewfew|might replace chomp
|c|☆dewfew|seems kinda ahh
|
|t:|1753845507
|switch|p1a: Gholdengo|Gholdengo|312/378
|move|p2a: Delphox|Flamethrower|p1a: Gholdengo
|-supereffective|p1a: Gholdengo
|-damage|p1a: Gholdengo|78/378
|
|upkeep
|turn|45
|
|t:|1753845533
|move|p2a: Delphox|Dazzling Gleam|p1a: Gholdengo
|-resisted|p1a: Gholdengo
|-damage|p1a: Gholdengo|4/378
|move|p1a: Gholdengo|Focus Blast|p2a: Delphox
|-damage|p2a: Delphox|64/291
|
|upkeep
|turn|46
|c|☆Animemer|ope
|c|☆dewfew|why r u throwing
|c|☆Animemer|im cracked
|c|☆Animemer|LOL
|c|☆Animemer|!code
|c|☆Animemer|/raw <div class="infobox"><code style="white-space: pre-wrap; display: table; tab-size: 3">62*0.5*1.5<br />= 46.5</code></div>
|c|☆Animemer|bad math
|
|t:|1753845573
|move|p2a: Delphox|Dazzling Gleam|p1a: Gholdengo
|-resisted|p1a: Gholdengo
|-damage|p1a: Gholdengo|0 fnt
|faint|p1a: Gholdengo
|
|upkeep
|
|t:|1753845575
|switch|p1a: Saruglace|Saruglace, M|195/335
|turn|47
|
|t:|1753845586
|move|p2a: Delphox|Dazzling Gleam|p1a: Saruglace
|-supereffective|p1a: Saruglace
|-damage|p1a: Saruglace|0 fnt
|faint|p1a: Saruglace
|
|upkeep
|
|t:|1753845588
|switch|p1a: Primarina|Primarina-Mega, F|211/363
|turn|48
|c|☆dewfew|tragic
|
|t:|1753845592
|move|p2a: Delphox|Hyper Voice|p1a: Primarina
|-damage|p1a: Primarina|91/363
|move|p1a: Primarina|Draining Kiss|p2a: Delphox
|-damage|p2a: Delphox|0 fnt
|-heal|p1a: Primarina|139/363|[from] drain|[of] p2a: Delphox
|faint|p2a: Delphox
|detailschange|p2: Delphox|Delphox, F|[silent]
|
|-fieldend|Misty Terrain
|upkeep
|
|t:|1753845597
|switch|p2a: Infestalk|Infestalk, M|402/402 tox
|turn|49
|c|☆dewfew|if i got those scald burns at the start i think this just 6-0d
|
|t:|1753845603
|move|p1a: Primarina|Draining Kiss|p2a: Infestalk
|-damage|p2a: Infestalk|332/402 tox
|-heal|p1a: Primarina|192/363|[from] drain|[of] p2a: Infestalk
|move|p2a: Infestalk|Leaf Blade|p1a: Primarina
|-supereffective|p1a: Primarina
|-crit|p1a: Primarina
|-damage|p1a: Primarina|0 fnt
|faint|p1a: Primarina
|detailschange|p1: Primarina|Primarina, F|[silent]
|
|win|Animemer

