|j|☆dewfew
|j|☆Animemer
|t:|1753845729
|gametype|singles
|player|p1|dewfew|265|
|player|p2|Animemer|wikstrom|
|teamsize|p1|6
|teamsize|p2|6
|gen|9
|tier|[Gen 9] National Dex
|rule|HP Percentage Mod: HP is shown in percentages
|rule|Endless Battle Clause: Forcing endless battles is banned
|rule|Species Clause: Limit one of each Pokémon
|rule|OHKO Clause: OHKO moves are banned
|rule|Evasion Clause: Evasion abilities, items, and moves are banned
|rule|Evasion Abilities Clause: Evasion abilities are banned
|rule|Evasion Items Clause: Evasion items are banned
|rule|Evasion Moves Clause: Evasion moves are banned
|rule|Sleep Clause Mod: Limit one foe put to sleep
|rule|Terastal Clause: You cannot Terastallize
|clearpoke
|poke|p1|Primarina, M|
|poke|p1|Brevicectric, F|
|poke|p1|Garchomp, M|
|poke|p1|Alomomola, M|
|poke|p1|Heatran, M|
|poke|p1|Saruglace, F|
|poke|p2|Delphox, F|
|poke|p2|Infestalk, F|
|poke|p2|Alomomola, M|
|poke|p2|Bakurana, M|
|poke|p2|Gallade-Tanoso, F|
|poke|p2|Quaquaval-Tanoso, F|
|teampreview
|c|☆dewfew|>different team
|c|☆dewfew|>same team
|
|t:|1753845739
|start
|switch|p1a: Primarina|Primarina, M|363/363
|switch|p2a: Gallade|Gallade-Tanoso, F|297/297
|turn|1
|
|t:|1753845749
|switch|p1a: Alomomola|Alomomola, M|472/472
|move|p2a: Gallade|Plasma Blade||[still]
|-anim|p2a: Gallade|Smart Strike|p1a: Alomomola
|-anim|p1a: Alomomola|Camouflage|p2a: Gallade
|-supereffective|p1a: Alomomola
|-damage|p1a: Alomomola|122/472
|
|upkeep
|turn|2
|c|☆Animemer|dumbass
|c|☆dewfew|mb bro
|
|t:|1753845756
|switch|p1a: Garchomp|Garchomp, M|420/420
|move|p2a: Gallade|Plasma Blade||[still]
|-anim|p2a: Gallade|Smart Strike|p1a: Garchomp
|-anim|p1a: Garchomp|Camouflage|p2a: Gallade
|-immune|p1a: Garchomp
|
|upkeep
|turn|3
|c|☆dewfew|bro
|c|☆dewfew|i have double rocks
|c|☆dewfew|im so silly
|c|☆Animemer|</3
|
|t:|1753845776
|switch|p2a: Alomomola|Alomomola, M|473/473
|move|p1a: Garchomp|Stealth Rock|p2a: Alomomola
|-sidestart|p2: Animemer|move: Stealth Rock
|
|upkeep
|turn|4
|
|t:|1753845784
|switch|p1a: Heatran|Heatran, M|386/386
|move|p2a: Alomomola|Flip Turn|p1a: Heatran
|-supereffective|p1a: Heatran
|-damage|p1a: Heatran|270/386
|c|☆dewfew|saru last is a little sketch
|
|t:|1753845805
|switch|p2a: Infestalk|Infestalk, F|402/402|[from] Flip Turn
|
|-heal|p1a: Heatran|294/386|[from] item: Leftovers
|upkeep
|turn|5
|c|☆dewfew|this
|c|☆dewfew|r u serious
|c|☆dewfew|surely you don't live
|
|t:|1753845822
|switch|p2a: Alomomola|Alomomola, M|473/473
|-damage|p2a: Alomomola|414/473|[from] Stealth Rock
|move|p1a: Heatran|Taunt|p2a: Alomomola
|-start|p2a: Alomomola|move: Taunt
|
|-heal|p1a: Heatran|318/386|[from] item: Leftovers
|upkeep
|turn|6
|
|t:|1753845833
|switch|p1a: Alomomola|Alomomola, M|279/472
|move|p2a: Alomomola|Scald|p1a: Alomomola
|-resisted|p1a: Alomomola
|-damage|p1a: Alomomola|248/472
|
|upkeep
|turn|7
|c|☆Animemer|in what world do i not go back to fuckin av mola
|c|☆dewfew|idk
|
|t:|1753845840
|move|p1a: Alomomola|Flip Turn|p2a: Alomomola
|-resisted|p2a: Alomomola
|-damage|p2a: Alomomola|389/473
|c|☆dewfew|why'd you go that in the first place
|c|☆dewfew|toxic ig
|
|t:|1753845851
|switch|p1a: Primarina|Primarina, M|363/363|[from] Flip Turn
|move|p2a: Alomomola|Knock Off|p1a: Primarina
|-resisted|p1a: Primarina
|-damage|p1a: Primarina|344/363
|
|-end|p2a: Alomomola|move: Taunt
|upkeep
|turn|8
|
|t:|1753845860
|detailschange|p1a: Primarina|Primarina-Mega, M
|-mega|p1a: Primarina|Primarina|Primarinite
|move|p1a: Primarina|Substitute|p1a: Primarina
|-start|p1a: Primarina|Substitute
|-damage|p1a: Primarina|254/363
|move|p2a: Alomomola|Flip Turn|p1a: Primarina
|-resisted|p1a: Primarina
|-activate|p1a: Primarina|move: Substitute|[damage]
|c|☆Animemer|uhoh jigssaw
|c|☆dewfew|skbidi toilet
|
|t:|1753845876
|switch|p2a: Delphox|Delphox, F|291/291|[from] Flip Turn
|-damage|p2a: Delphox|219/291|[from] Stealth Rock
|
|upkeep
|turn|9
|
|t:|1753845881
|detailschange|p2a: Delphox|Delphox-Tanoso-Mega, F
|-mega|p2a: Delphox|Delphox-Tanoso|Delphoxite-T
|-fieldstart|move: Misty Terrain|[from] ability: Misty Surge|[of] p2a: Delphox
|move|p2a: Delphox|Hyper Voice|p1a: Primarina
|-damage|p1a: Primarina|121/363
|move|p1a: Primarina|Calm Mind|p1a: Primarina
|-boost|p1a: Primarina|spa|1
|-boost|p1a: Primarina|spd|1
|
|upkeep
|turn|10
|c|☆dewfew|big rocks dmg
|c|☆dewfew|ngl
|c|☆dewfew|i think i two shot with kiss now
|
|t:|1753845889
|move|p2a: Delphox|Nasty Plot|p2a: Delphox
|-boost|p2a: Delphox|spa|2
|move|p1a: Primarina|Draining Kiss|p2a: Delphox
|-crit|p2a: Delphox
|-damage|p2a: Delphox|59/291
|-heal|p1a: Primarina|241/363|[from] drain|[of] p2a: Delphox
|
|upkeep
|turn|11
|c|☆dewfew|ok
|c|☆Animemer|fuck you dude
|c|☆dewfew|i defeinitely two shot now
|c|☆dewfew|that did not matter
|
|t:|1753845900
|move|p2a: Delphox|Hyper Voice|p1a: Primarina
|-damage|p1a: Primarina|69/363
|move|p1a: Primarina|Draining Kiss|p2a: Delphox
|-damage|p2a: Delphox|0 fnt
|-heal|p1a: Primarina|113/363|[from] drain|[of] p2a: Delphox
|faint|p2a: Delphox
|detailschange|p2: Delphox|Delphox, F|[silent]
|
|upkeep
|c|☆Animemer|YES IT DID
|c|☆Animemer|i promise that extra 20% mattered
|c|☆Animemer|on my mother
|c|☆dewfew|bro
|c|☆dewfew|kiss did 25%
|c|☆dewfew|last time
|c|☆dewfew|unboosted
|
|t:|1753845932
|switch|p2a: Infestalk|Infestalk, F|402/402
|turn|12
|
|t:|1753845934
|move|p1a: Primarina|Draining Kiss|p2a: Infestalk
|-damage|p2a: Infestalk|311/402
|-heal|p1a: Primarina|181/363|[from] drain|[of] p2a: Infestalk
|move|p2a: Infestalk|Leaf Blade|p1a: Primarina
|-supereffective|p1a: Primarina
|-end|p1a: Primarina|Substitute
|
|upkeep
|turn|13
|
|t:|1753845939
|switch|p1a: Heatran|Heatran, M|318/386
|move|p2a: Infestalk|Leaf Blade|p1a: Heatran
|-resisted|p1a: Heatran
|-damage|p1a: Heatran|298/386
|
|-heal|p1a: Heatran|322/386|[from] item: Leftovers
|-fieldend|Misty Terrain
|upkeep
|turn|14
|
|t:|1753845946
|switch|p1a: Alomomola|Alomomola, M|405/472
|switch|p2a: Alomomola|Alomomola, M|473/473
|-damage|p2a: Alomomola|414/473|[from] Stealth Rock
|
|upkeep
|turn|15
|
|t:|1753845953
|switch|p2a: Infestalk|Infestalk, F|402/402
|move|p1a: Alomomola|Wish|p1a: Alomomola
|
|upkeep
|turn|16
|c|☆dewfew|i m not clicking tox
|c|☆dewfew|this game
|c|☆dewfew|lmao
|
|t:|1753845965
|move|p2a: Infestalk|Sleep Powder|p1a: Alomomola
|-status|p1a: Alomomola|slp|[from] move: Sleep Powder
|cant|p1a: Alomomola|slp
|
|-heal|p1a: Alomomola|472/472 slp|[from] move: Wish|[wisher] Alomomola
|upkeep
|turn|17
|c|☆dewfew|ok
|c|☆dewfew|well
|
|t:|1753845972
|move|p2a: Infestalk|U-turn|p1a: Alomomola
|-damage|p1a: Alomomola|414/472 slp
|
|t:|1753845984
|switch|p2a: Gallade|Gallade-Tanoso, F|297/297|[from] U-turn
|-damage|p2a: Gallade|223/297|[from] Stealth Rock
|-curestatus|p1a: Alomomola|slp|[msg]
|move|p1a: Alomomola|Flip Turn|p2a: Gallade
|-crit|p2a: Gallade
|-damage|p2a: Gallade|111/297
|-message|Animemer forfeited.
|
|win|dewfew

